# JRE version: OpenJDK Runtime Environment OpenLogic-OpenJDK (21.0.8+9) (build 21.0.8+9-adhoc.Administrator.jdk21u)
# Java VM: OpenJDK 64-Bit Server VM OpenLogic-OpenJDK (21.0.8+9-adhoc.Administrator.jdk21u, mixed mode, sharing, tiered, compressed oops, compressed class ptrs, g1 gc, windows-amd64)
GC Precious Log:
 CardTable entry size: 512
 Card Set container configuration: InlinePtr #cards 4 size 8 Array Of Cards #cards 16 size 48 Howl #buckets 8 coarsen threshold 3686 Howl Bitmap #cards 512 size 80 coarsen threshold 460 Card regions per heap region 1 cards per card region 4096
 CPUs: 12 total, 12 available
 Memory: 11995M
 Large Page Support: Disabled
 NUMA Support: Disabled
 Compressed Oops: Enabled (Zero based)
 Heap Region Size: 2M
 Heap Min Capacity: 8M
 Heap Initial Capacity: 188M
 Heap Max Capacity: 3000M
 Pre-touch: Disabled
 Parallel Workers: 10
 Concurrent Workers: 3
 Concurrent Refinement Workers: 10
 Periodic GC: Disabled
Heap:
 garbage-first heap   total 102400K, used 50215K [0x0000000744800000, 0x0000000800000000)
  region size 2048K, 9 young (18432K), 4 survivors (8192K)
 Metaspace       used 83271K, committed 84032K, reserved 1179648K
  class space    used 11452K, committed 11776K, reserved 1048576K
GC Heap History (20 events):
Event: 2.137 GC heap before
{Heap before GC invocations=2 (full 0):
 garbage-first heap   total 192512K, used 62284K [0x0000000744800000, 0x0000000800000000)
  region size 2048K, 27 young (55296K), 1 survivors (2048K)
 Metaspace       used 17293K, committed 17664K, reserved 1114112K
  class space    used 2206K, committed 2368K, reserved 1048576K
}
Event: 2.144 GC heap after
{Heap after GC invocations=3 (full 0):
 garbage-first heap   total 192512K, used 17920K [0x0000000744800000, 0x0000000800000000)
  region size 2048K, 4 young (8192K), 4 survivors (8192K)
 Metaspace       used 17293K, committed 17664K, reserved 1114112K
  class space    used 2206K, committed 2368K, reserved 1048576K
}
Event: 2.377 GC heap before
{Heap before GC invocations=3 (full 0):
 garbage-first heap   total 192512K, used 32256K [0x0000000744800000, 0x0000000800000000)
  region size 2048K, 12 young (24576K), 4 survivors (8192K)
 Metaspace       used 21199K, committed 21504K, reserved 1114112K
  class space    used 2825K, committed 2944K, reserved 1048576K
}
Event: 2.382 GC heap after
{Heap after GC invocations=4 (full 0):
 garbage-first heap   total 192512K, used 18818K [0x0000000744800000, 0x0000000800000000)
  region size 2048K, 4 young (8192K), 4 survivors (8192K)
 Metaspace       used 21199K, committed 21504K, reserved 1114112K
  class space    used 2825K, committed 2944K, reserved 1048576K
}
Event: 2.961 GC heap before
{Heap before GC invocations=5 (full 0):
 garbage-first heap   total 69632K, used 67970K [0x0000000744800000, 0x0000000800000000)
  region size 2048K, 28 young (57344K), 4 survivors (8192K)
 Metaspace       used 29766K, committed 30208K, reserved 1114112K
  class space    used 3913K, committed 4096K, reserved 1048576K
}
Event: 2.969 GC heap after
{Heap after GC invocations=6 (full 0):
 garbage-first heap   total 83968K, used 23738K [0x0000000744800000, 0x0000000800000000)
  region size 2048K, 3 young (6144K), 3 survivors (6144K)
 Metaspace       used 29766K, committed 30208K, reserved 1114112K
  class space    used 3913K, committed 4096K, reserved 1048576K
}
Event: 3.783 GC heap before
{Heap before GC invocations=6 (full 0):
 garbage-first heap   total 83968K, used 60602K [0x0000000744800000, 0x0000000800000000)
  region size 2048K, 21 young (43008K), 3 survivors (6144K)
 Metaspace       used 33993K, committed 34496K, reserved 1114112K
  class space    used 4503K, committed 4736K, reserved 1048576K
}
Event: 3.791 GC heap after
{Heap after GC invocations=7 (full 0):
 garbage-first heap   total 83968K, used 25602K [0x0000000744800000, 0x0000000800000000)
  region size 2048K, 2 young (4096K), 2 survivors (4096K)
 Metaspace       used 33993K, committed 34496K, reserved 1114112K
  class space    used 4503K, committed 4736K, reserved 1048576K
}
Event: 4.023 GC heap before
{Heap before GC invocations=7 (full 0):
 garbage-first heap   total 83968K, used 35842K [0x0000000744800000, 0x0000000800000000)
  region size 2048K, 8 young (16384K), 2 survivors (4096K)
 Metaspace       used 35669K, committed 36096K, reserved 1114112K
  class space    used 4718K, committed 4928K, reserved 1048576K
}
Event: 4.029 GC heap after
{Heap after GC invocations=8 (full 0):
 garbage-first heap   total 83968K, used 26220K [0x0000000744800000, 0x0000000800000000)
  region size 2048K, 2 young (4096K), 2 survivors (4096K)
 Metaspace       used 35669K, committed 36096K, reserved 1114112K
  class space    used 4718K, committed 4928K, reserved 1048576K
}
Event: 5.013 GC heap before
{Heap before GC invocations=9 (full 0):
 garbage-first heap   total 83968K, used 65132K [0x0000000744800000, 0x0000000800000000)
  region size 2048K, 22 young (45056K), 2 survivors (4096K)
 Metaspace       used 43199K, committed 43776K, reserved 1114112K
  class space    used 5728K, committed 5952K, reserved 1048576K
}
Event: 5.025 GC heap after
{Heap after GC invocations=10 (full 0):
 garbage-first heap   total 102400K, used 29760K [0x0000000744800000, 0x0000000800000000)
  region size 2048K, 3 young (6144K), 3 survivors (6144K)
 Metaspace       used 43199K, committed 43776K, reserved 1114112K
  class space    used 5728K, committed 5952K, reserved 1048576K
}
Event: 6.041 GC heap before
{Heap before GC invocations=10 (full 0):
 garbage-first heap   total 102400K, used 80960K [0x0000000744800000, 0x0000000800000000)
  region size 2048K, 28 young (57344K), 3 survivors (6144K)
 Metaspace       used 56909K, committed 57472K, reserved 1114112K
  class space    used 7644K, committed 7872K, reserved 1048576K
}
Event: 6.053 GC heap after
{Heap after GC invocations=11 (full 0):
 garbage-first heap   total 102400K, used 32946K [0x0000000744800000, 0x0000000800000000)
  region size 2048K, 4 young (8192K), 4 survivors (8192K)
 Metaspace       used 56909K, committed 57472K, reserved 1114112K
  class space    used 7644K, committed 7872K, reserved 1048576K
}
Event: 6.289 GC heap before
{Heap before GC invocations=11 (full 0):
 garbage-first heap   total 102400K, used 45234K [0x0000000744800000, 0x0000000800000000)
  region size 2048K, 11 young (22528K), 4 survivors (8192K)
 Metaspace       used 59666K, committed 60288K, reserved 1114112K
  class space    used 7991K, committed 8320K, reserved 1048576K
}
Event: 6.297 GC heap after
{Heap after GC invocations=12 (full 0):
 garbage-first heap   total 102400K, used 33485K [0x0000000744800000, 0x0000000800000000)
  region size 2048K, 2 young (4096K), 2 survivors (4096K)
 Metaspace       used 59666K, committed 60288K, reserved 1114112K
  class space    used 7991K, committed 8320K, reserved 1048576K
}
Event: 7.366 GC heap before
{Heap before GC invocations=13 (full 0):
 garbage-first heap   total 102400K, used 86733K [0x0000000744800000, 0x0000000800000000)
  region size 2048K, 28 young (57344K), 2 survivors (4096K)
 Metaspace       used 73508K, committed 74240K, reserved 1114112K
  class space    used 10100K, committed 10432K, reserved 1048576K
}
Event: 7.375 GC heap after
{Heap after GC invocations=14 (full 0):
 garbage-first heap   total 102400K, used 36345K [0x0000000744800000, 0x0000000800000000)
  region size 2048K, 4 young (8192K), 4 survivors (8192K)
 Metaspace       used 73508K, committed 74240K, reserved 1114112K
  class space    used 10100K, committed 10432K, reserved 1048576K
}
Event: 8.538 GC heap before
{Heap before GC invocations=14 (full 0):
 garbage-first heap   total 102400K, used 83449K [0x0000000744800000, 0x0000000800000000)
  region size 2048K, 28 young (57344K), 4 survivors (8192K)
 Metaspace       used 81064K, committed 81792K, reserved 1179648K
  class space    used 11168K, committed 11520K, reserved 1048576K
}
Event: 8.547 GC heap after
{Heap after GC invocations=15 (full 0):
 garbage-first heap   total 102400K, used 42023K [0x0000000744800000, 0x0000000800000000)
  region size 2048K, 4 young (8192K), 4 survivors (8192K)
 Metaspace       used 81064K, committed 81792K, reserved 1179648K
  class space    used 11168K, committed 11520K, reserved 1048576K
}

